<?xml version="1.0" encoding="UTF-8"?>
<!-- Generated by org.testng.reporters.JUnitReportReporter -->
<testsuite hostname="DESKTOP-06DH074" failures="0" tests="1" name="SumValidation" time="1.939" errors="0" timestamp="2022-10-10T16:14:05 IST" skipped="0">
  <testcase classname="SumValidation" name="sumOfCourses" time="1.939"/>
  <system-out/>
</testsuite> <!-- SumValidation -->
